<?xml version="1.0" encoding="UTF-8"?>
<testsuite xmlns:xsi="http://www.w3.org/2001/XMLSchema-instance" xsi:schemaLocation="https://maven.apache.org/surefire/maven-surefire-plugin/xsd/surefire-test-report.xsd" name="TestSuite" time="19.941" tests="1" errors="0" skipped="0" failures="0">
  <properties>
    <property name="java.vendor" value="Oracle Corporation"/>
    <property name="JOB_NAME" value="Mail163AutoCase_login"/>
    <property name="JDK_JAVA_OPTIONS" value=" --add-opens=java.base/java.lang=ALL-UNNAMED --add-opens=java.rmi/sun.rmi.transport=ALL-UNNAMED"/>
    <property name="sun.java.launcher" value="SUN_STANDARD"/>
    <property name="windows_tracing_logfile" value="C:\BVTBin\Tests\installpackage\csilogfile.log"/>
    <property name="NUMBER_OF_PROCESSORS" value="4"/>
    <property name="sun.management.compiler" value="HotSpot 64-Bit Tiered Compilers"/>
    <property name="JENKINS_HOME" value="C:\Users\lenovo\.jenkins"/>
    <property name="HUDSON_SERVER_COOKIE" value="a54f46c15c02963c"/>
    <property name="os.name" value="Windows 7"/>
    <property name="sun.boot.class.path" value="D:\WorkSpace\Java\jdk\jre\lib\resources.jar;D:\WorkSpace\Java\jdk\jre\lib\rt.jar;D:\WorkSpace\Java\jdk\jre\lib\sunrsasign.jar;D:\WorkSpace\Java\jdk\jre\lib\jsse.jar;D:\WorkSpace\Java\jdk\jre\lib\jce.jar;D:\WorkSpace\Java\jdk\jre\lib\charsets.jar;D:\WorkSpace\Java\jdk\jre\lib\jfr.jar;D:\WorkSpace\Java\jdk\jre\classes"/>
    <property name="EXECUTOR_NUMBER" value="0"/>
    <property name="sun.desktop" value="windows"/>
    <property name="PATHEXT" value=".COM;.EXE;.BAT;.CMD;.VBS;.VBE;.JS;.JSE;.WSF;.WSH;.MSC"/>
    <property name="java.vm.specification.vendor" value="Oracle Corporation"/>
    <property name="NODE_LABELS" value="master"/>
    <property name="TEMP" value="C:\Users\lenovo\AppData\Local\Temp"/>
    <property name="java.runtime.version" value="1.8.0_05-b13"/>
    <property name="_RUNJDB" value="&quot;D:\WorkSpace\Java\jdk\bin\jdb.exe&quot;"/>
    <property name="user.name" value="lenovo"/>
    <property name="guice.disable.misplaced.annotation.check" value="true"/>
    <property name="CommonProgramW6432" value="C:\Program Files\Common Files"/>
    <property name="CURRENT_DIR" value="D:\tomcat_9\bin"/>
    <property name="ProgramFiles" value="C:\Program Files"/>
    <property name="PROMPT" value="$P$G"/>
    <property name="user.language" value="zh"/>
    <property name="JOB_BASE_NAME" value="Mail163AutoCase_login"/>
    <property name="RUN_CHANGES_DISPLAY_URL" value="http://unconfigured-jenkins-location/job/Mail163AutoCase_login/1/display/redirect?page=changes"/>
    <property name="BUILD_DISPLAY_NAME" value="#1"/>
    <property name="sun.boot.library.path" value="D:\WorkSpace\Java\jdk\jre\bin"/>
    <property name="ACTION" value="start"/>
    <property name="LOCALAPPDATA" value="C:\Users\lenovo\AppData\Local"/>
    <property name="java.version" value="1.8.0_05"/>
    <property name="PROCESSOR_LEVEL" value="6"/>
    <property name="user.timezone" value="Asia/Shanghai"/>
    <property name="USERNAME" value="lenovo"/>
    <property name="sun.arch.data.model" value="64"/>
    <property name="MOZ_PLUGIN_PATH" value="D:\Program Files (x86)\Foxit Software\Foxit Reader\plugins\"/>
    <property name="NODE_NAME" value="master"/>
    <property name="java.endorsed.dirs" value="D:\WorkSpace\Java\jdk\jre\lib\endorsed"/>
    <property name="BUILD_ID" value="1"/>
    <property name="sun.cpu.isalist" value="amd64"/>
    <property name="sun.jnu.encoding" value="GBK"/>
    <property name="file.encoding.pkg" value="sun.io"/>
    <property name="file.separator" value="\"/>
    <property name="EXECUTABLE" value="D:\tomcat_9\bin\catalina.bat"/>
    <property name="java.specification.name" value="Java Platform API Specification"/>
    <property name="HOMEDRIVE" value="C:"/>
    <property name="java.class.version" value="52.0"/>
    <property name="org.slf4j.simpleLogger.defaultLogLevel" value="info"/>
    <property name="JRE_HOME" value="D:\WorkSpace\Java\jdk"/>
    <property name="user.country" value="CN"/>
    <property name="ALLUSERSPROFILE" value="C:\ProgramData"/>
    <property name="java.home" value="D:\WorkSpace\Java\jdk\jre"/>
    <property name="LOGGING_MANAGER" value="-Djava.util.logging.manager=org.apache.juli.ClassLoaderLogManager"/>
    <property name="java.vm.info" value="mixed mode"/>
    <property name="os.version" value="6.1"/>
    <property name="CATALINA_HOME" value="D:\tomcat_9"/>
    <property name="RUN_DISPLAY_URL" value="http://unconfigured-jenkins-location/job/Mail163AutoCase_login/1/display/redirect"/>
    <property name="TMP" value="C:\Users\lenovo\AppData\Local\Temp"/>
    <property name="path.separator" value=";"/>
    <property name="java.vm.version" value="25.5-b02"/>
    <property name="JAVA_OPTS" value=" &quot;-Djdk.tls.ephemeralDHKeySize=2048&quot; -Djava.protocol.handler.pkgs=org.apache.catalina.webresources"/>
    <property name="user.variant" value=""/>
    <property name="JOB_DISPLAY_URL" value="http://unconfigured-jenkins-location/job/Mail163AutoCase_login/display/redirect"/>
    <property name="CommonProgramFiles(x86)" value="C:\Program Files (x86)\Common Files"/>
    <property name="java.awt.printerjob" value="sun.awt.windows.WPrinterJob"/>
    <property name="FP_NO_HOST_CHECK" value="NO"/>
    <property name="JAVA_HOME" value="D:\WorkSpace\Java\jdk"/>
    <property name="sun.io.unicode.encoding" value="UnicodeLittle"/>
    <property name="CommonProgramFiles" value="C:\Program Files\Common Files"/>
    <property name="ComSpec" value="C:\Windows\system32\cmd.exe"/>
    <property name="awt.toolkit" value="sun.awt.windows.WToolkit"/>
    <property name="HOMEPATH" value="\Users\lenovo"/>
    <property name="asl.log" value="Destination=file"/>
    <property name="user.script" value=""/>
    <property name="COMPUTERNAME" value="LENOVO-PC"/>
    <property name="user.home" value="C:\Users\lenovo"/>
    <property name="PUBLIC" value="C:\Users\Public"/>
    <property name="BUILD_TAG" value="jenkins-Mail163AutoCase_login-1"/>
    <property name="JENKINS_SERVER_COOKIE" value="a54f46c15c02963c"/>
    <property name="ProgramData" value="C:\ProgramData"/>
    <property name="java.specification.vendor" value="Oracle Corporation"/>
    <property name="USERPROFILE" value="C:\Users\lenovo"/>
    <property name="CLASSPATH" value=""/>
    <property name="java.vendor.url" value="http://java.oracle.com/"/>
    <property name="java.library.path" value="D:\WorkSpace\Java\jdk\bin;C:\Windows\Sun\Java\bin;C:\Windows\system32;C:\Windows;D:\WorkSpace\Java\apache-maven-3.3.9/bin;D:\WorkSpace\Java\jdk/bin;D:\WorkSpace\Java\jdk/bin;%PYTHON3_HOME%;%PYTHON3_HOME%\Scripts;D:\python;D:\python\Scripts;C:\ProgramData\Oracle\Java\javapath;C:\Program Files (x86)\Intel\iCLS Client\;C:\Program Files\Intel\iCLS Client\;C:\Windows\system32;C:\Windows;C:\Windows\System32\Wbem;C:\Windows\System32\WindowsPowerShell\v1.0\;C:\Program Files (x86)\AMD\ATI.ACE\Core-Static;C:\Program Files (x86)\Intel\Intel(R) Management Engine Components\DAL;C:\Program Files\Intel\Intel(R) Management Engine Components\DAL;C:\Program Files (x86)\Intel\Intel(R) Management Engine Components\IPT;C:\Program Files\Intel\Intel(R) Management Engine Components\IPT;C:\Program Files\Intel\WiFi\bin\;C:\Program Files\Common Files\Intel\WirelessCommon\;D:\WorkSpace\Java\jdk\bin;D:\WorkSpace\Java\jdk\jre\bin;D:\WorkSpace\Java\apache-maven-3.3.9\bin;D:\WorkSpace\nodejs\;D:\python;D:\Program Files\TortoiseSVN\bin;D:\android\Sdk\\platform-tools;D:\android\Sdk\\tools;D:\mysql\MySQL\bin;D:\Program Files\Git\cmd;D:\android\Sdk\build-tools\23.0.2;D:\android\Sdk\tools\bin;C:\Program Files\Intel\WiFi\bin\;C:\Program Files\Common Files\Intel\WirelessCommon\;C:\Users\lenovo\AppData\Roaming\npm;;."/>
    <property name="java.vm.vendor" value="Oracle Corporation"/>
    <property name="APPDATA" value="C:\Users\lenovo\AppData\Roaming"/>
    <property name="JMETER_HOME" value="D:\JmeterEx"/>
    <property name="java.runtime.name" value="Java(TM) SE Runtime Environment"/>
    <property name="maven.home" value="D:\WorkSpace\Java\apache-maven-3.3.9"/>
    <property name="java.class.path" value="C:\Users\lenovo\.jenkins\plugins\maven-plugin\WEB-INF\lib\maven33-agent-1.12-alpha-1.jar;D:\WorkSpace\Java\apache-maven-3.3.9\boot\plexus-classworlds-2.5.2.jar;D:\WorkSpace\Java\apache-maven-3.3.9/conf/logging"/>
    <property name="sun.java.command" value="jenkins.maven3.agent.Maven33Main D:\WorkSpace\Java\apache-maven-3.3.9 D:\tomcat_9\webapps\jenkins\WEB-INF\lib\remoting-3.10.2.jar C:\Users\lenovo\.jenkins\plugins\maven-plugin\WEB-INF\lib\maven33-interceptor-1.12-alpha-1.jar C:\Users\lenovo\.jenkins\plugins\maven-plugin\WEB-INF\lib\maven3-interceptor-commons-1.12-alpha-1.jar 61108"/>
    <property name="Path" value="D:\WorkSpace\Java\jdk/bin;%PYTHON3_HOME%;%PYTHON3_HOME%\Scripts;D:\python;D:\python\Scripts;C:\ProgramData\Oracle\Java\javapath;C:\Program Files (x86)\Intel\iCLS Client\;C:\Program Files\Intel\iCLS Client\;C:\Windows\system32;C:\Windows;C:\Windows\System32\Wbem;C:\Windows\System32\WindowsPowerShell\v1.0\;C:\Program Files (x86)\AMD\ATI.ACE\Core-Static;C:\Program Files (x86)\Intel\Intel(R) Management Engine Components\DAL;C:\Program Files\Intel\Intel(R) Management Engine Components\DAL;C:\Program Files (x86)\Intel\Intel(R) Management Engine Components\IPT;C:\Program Files\Intel\Intel(R) Management Engine Components\IPT;C:\Program Files\Intel\WiFi\bin\;C:\Program Files\Common Files\Intel\WirelessCommon\;D:\WorkSpace\Java\jdk\bin;D:\WorkSpace\Java\jdk\jre\bin;D:\WorkSpace\Java\apache-maven-3.3.9\bin;D:\WorkSpace\nodejs\;D:\python;D:\Program Files\TortoiseSVN\bin;D:\android\Sdk\\platform-tools;D:\android\Sdk\\tools;D:\mysql\MySQL\bin;D:\Program Files\Git\cmd;D:\android\Sdk\build-tools\23.0.2;D:\android\Sdk\tools\bin;C:\Program Files\Intel\WiFi\bin\;C:\Program Files\Common Files\Intel\WirelessCommon\;C:\Users\lenovo\AppData\Roaming\npm;"/>
    <property name="java.vm.specification.name" value="Java Virtual Machine Specification"/>
    <property name="PROCESSOR_ARCHITECTURE" value="AMD64"/>
    <property name="PATH+JDK" value="D:\WorkSpace\Java\jdk/bin"/>
    <property name="PROCESSOR_IDENTIFIER" value="Intel64 Family 6 Model 78 Stepping 3, GenuineIntel"/>
    <property name="SESSIONNAME" value="Console"/>
    <property name="java.vm.specification.version" value="1.8"/>
    <property name="sun.os.patch.level" value="Service Pack 1"/>
    <property name="CATALINA_BASE" value="D:\tomcat_9"/>
    <property name="sun.cpu.endian" value="little"/>
    <property name="M2_HOME" value="D:\WorkSpace\Java\apache-maven-3.3.9"/>
    <property name="=D:" value="D:\tomcat_9\bin"/>
    <property name="java.io.tmpdir" value="C:\Users\lenovo\AppData\Local\Temp\"/>
    <property name="OS" value="Windows_NT"/>
    <property name="TITLE" value="Tomcat"/>
    <property name="HUDSON_HOME" value="C:\Users\lenovo\.jenkins"/>
    <property name="PATH+MAVEN" value="D:\WorkSpace\Java\apache-maven-3.3.9/bin"/>
    <property name="ProgramFiles(x86)" value="C:\Program Files (x86)"/>
    <property name="_EXECJAVA" value="start &quot;Tomcat&quot; &quot;D:\WorkSpace\Java\jdk\bin\java.exe&quot;"/>
    <property name="java.vendor.url.bug" value="http://bugreport.sun.com/bugreport/"/>
    <property name="java.awt.graphicsenv" value="sun.awt.Win32GraphicsEnvironment"/>
    <property name="os.arch" value="amd64"/>
    <property name="SystemRoot" value="C:\Windows"/>
    <property name="windows_tracing_flags" value="3"/>
    <property name="LOGGING_CONFIG" value="-Djava.util.logging.config.file=&quot;D:\tomcat_9\conf\logging.properties&quot;"/>
    <property name="java.ext.dirs" value="D:\WorkSpace\Java\jdk\jre\lib\ext;C:\Windows\Sun\Java\lib\ext"/>
    <property name="PYTHON2_HOME" value="D:\python"/>
    <property name="user.dir" value="D:\WorkSpace\DriverFrameWork"/>
    <property name="CATALINA_TMPDIR" value="D:\tomcat_9\temp"/>
    <property name="_RUNJAVA" value="&quot;D:\WorkSpace\Java\jdk\bin\java.exe&quot;"/>
    <property name="LOGONSERVER" value="\\LENOVO-PC"/>
    <property name="USERDOMAIN" value="lenovo-PC"/>
    <property name="line.separator" value="&#10;"/>
    <property name="MAVEN_HOME" value="D:\WorkSpace\Java\apache-maven-3.3.9"/>
    <property name="java.vm.name" value="Java HotSpot(TM) 64-Bit Server VM"/>
    <property name="BUILD_NUMBER" value="1"/>
    <property name="ANDROID_HOME" value="D:\android\Sdk\"/>
    <property name="PROCESSOR_REVISION" value="4e03"/>
    <property name="ProgramW6432" value="C:\Program Files"/>
    <property name="windir" value="C:\Windows"/>
    <property name="file.encoding" value="GBK"/>
    <property name="SystemDrive" value="C:"/>
    <property name="maven3.interceptor" value="C:\Users\lenovo\.jenkins\plugins\maven-plugin\WEB-INF\lib\maven33-interceptor-1.12-alpha-1.jar"/>
    <property name="WORKSPACE" value="C:\Users\lenovo\.jenkins\workspace\Mail163AutoCase_login"/>
    <property name="maven3.interceptor.common" value="C:\Users\lenovo\.jenkins\plugins\maven-plugin\WEB-INF\lib\maven3-interceptor-commons-1.12-alpha-1.jar"/>
    <property name="JSSE_OPTS" value="&quot;-Djdk.tls.ephemeralDHKeySize=2048&quot;"/>
    <property name="MAINCLASS" value="org.apache.catalina.startup.Bootstrap"/>
    <property name="java.specification.version" value="1.8"/>
    <property name="PSModulePath" value="C:\Windows\system32\WindowsPowerShell\v1.0\Modules\"/>
  </properties>
  <testcase name="testLogin" classname="testScripts.TestMailLogin" time="12.803"/>
</testsuite>