<?xml version="1.0" encoding="UTF-8"?>
<!-- Generated by org.testng.reporters.JUnitReportReporter -->
<testsuite hostname="lenovo-PC" name="testScripts.TestMailLogin" tests="1" failures="0" timestamp="4 Nov 2017 14:06:14 GMT" time="19.248" errors="0">
  <testcase name="testLogin" time="19.248" classname="testScripts.TestMailLogin"/>
</testsuite> <!-- testScripts.TestMailLogin -->
